2023-05-21 18:54:16,023 - freqtrade.loggers - INFO - Verbosity set to 0
2023-05-21 18:54:16,023 - freqtrade.configuration.configuration - INFO - Runmode set to dry_run.
2023-05-21 18:54:16,024 - freqtrade.configuration.configuration - INFO - Parameter --db-url detected ...
2023-05-21 18:54:16,024 - freqtrade.configuration.configuration - INFO - Dry run is enabled
2023-05-21 18:54:16,025 - freqtrade.configuration.configuration - INFO - Using DB: "sqlite:////freqtrade/user_data/tradesv3.sqlite"
2023-05-21 18:54:16,025 - freqtrade.configuration.configuration - INFO - Using max_open_trades: 3 ...
2023-05-21 18:54:16,046 - freqtrade.configuration.configuration - INFO - Using user-data directory: /freqtrade/user_data ...
2023-05-21 18:54:16,048 - freqtrade.configuration.directory_operations - INFO - Created data directory: None
2023-05-21 18:54:16,048 - freqtrade.configuration.configuration - INFO - Using data directory: /freqtrade/user_data/data/binance ...
2023-05-21 18:54:16,049 - freqtrade.exchange.check_exchange - INFO - Checking exchange...
2023-05-21 18:54:16,055 - freqtrade.exchange.check_exchange - INFO - Exchange "binance" is officially supported by the Freqtrade development team.
2023-05-21 18:54:16,056 - freqtrade.configuration.configuration - INFO - Using pairlist from configuration.
2023-05-21 18:54:16,068 - freqtrade.resolvers.iresolver - INFO - Using resolved strategy SampleStrategy from '/freqtrade/user_data/strategies/sample_strategy.py'...
2023-05-21 18:54:16,069 - freqtrade.strategy.hyper - INFO - Found no parameter file.
2023-05-21 18:54:16,069 - freqtrade.resolvers.strategy_resolver - INFO - Override strategy 'stake_currency' with value in config file: USD.
2023-05-21 18:54:16,070 - freqtrade.resolvers.strategy_resolver - INFO - Override strategy 'stake_amount' with value in config file: unlimited.
2023-05-21 18:54:16,070 - freqtrade.resolvers.strategy_resolver - INFO - Override strategy 'unfilledtimeout' with value in config file: {'entry': 10, 'exit': 10, 'exit_timeout_count': 0, 'unit': 'minutes'}.
2023-05-21 18:54:16,071 - freqtrade.resolvers.strategy_resolver - INFO - Override strategy 'max_open_trades' with value in config file: 3.
2023-05-21 18:54:16,071 - freqtrade.resolvers.strategy_resolver - INFO - Strategy using minimal_roi: {'60': 0.01, '30': 0.02, '0': 0.04}
2023-05-21 18:54:16,072 - freqtrade.resolvers.strategy_resolver - INFO - Strategy using timeframe: 5m
2023-05-21 18:54:16,072 - freqtrade.resolvers.strategy_resolver - INFO - Strategy using stoploss: -0.1
2023-05-21 18:54:16,073 - freqtrade.resolvers.strategy_resolver - INFO - Strategy using trailing_stop: False
2023-05-21 18:54:16,073 - freqtrade.resolvers.strategy_resolver - INFO - Strategy using trailing_stop_positive_offset: 0.0
2023-05-21 18:54:16,074 - freqtrade.resolvers.strategy_resolver - INFO - Strategy using trailing_only_offset_is_reached: False
2023-05-21 18:54:16,074 - freqtrade.resolvers.strategy_resolver - INFO - Strategy using use_custom_stoploss: False
2023-05-21 18:54:16,075 - freqtrade.resolvers.strategy_resolver - INFO - Strategy using process_only_new_candles: True
2023-05-21 18:54:16,075 - freqtrade.resolvers.strategy_resolver - INFO - Strategy using order_types: {'entry': 'limit', 'exit': 'limit', 'stoploss': 'market', 'stoploss_on_exchange': False}
2023-05-21 18:54:16,076 - freqtrade.resolvers.strategy_resolver - INFO - Strategy using order_time_in_force: {'entry': 'GTC', 'exit': 'GTC'}
2023-05-21 18:54:16,076 - freqtrade.resolvers.strategy_resolver - INFO - Strategy using stake_currency: USD
2023-05-21 18:54:16,077 - freqtrade.resolvers.strategy_resolver - INFO - Strategy using stake_amount: unlimited
2023-05-21 18:54:16,077 - freqtrade.resolvers.strategy_resolver - INFO - Strategy using protections: []
2023-05-21 18:54:16,078 - freqtrade.resolvers.strategy_resolver - INFO - Strategy using startup_candle_count: 30
2023-05-21 18:54:16,078 - freqtrade.resolvers.strategy_resolver - INFO - Strategy using unfilledtimeout: {'entry': 10, 'exit': 10, 'exit_timeout_count': 0, 'unit': 'minutes'}
2023-05-21 18:54:16,079 - freqtrade.resolvers.strategy_resolver - INFO - Strategy using use_exit_signal: True
2023-05-21 18:54:16,079 - freqtrade.resolvers.strategy_resolver - INFO - Strategy using exit_profit_only: False
2023-05-21 18:54:16,080 - freqtrade.resolvers.strategy_resolver - INFO - Strategy using ignore_roi_if_entry_signal: False
2023-05-21 18:54:16,080 - freqtrade.resolvers.strategy_resolver - INFO - Strategy using exit_profit_offset: 0.0
2023-05-21 18:54:16,081 - freqtrade.resolvers.strategy_resolver - INFO - Strategy using disable_dataframe_checks: False
2023-05-21 18:54:16,081 - freqtrade.resolvers.strategy_resolver - INFO - Strategy using ignore_buying_expired_candle_after: 0
2023-05-21 18:54:16,082 - freqtrade.resolvers.strategy_resolver - INFO - Strategy using position_adjustment_enable: False
2023-05-21 18:54:16,082 - freqtrade.resolvers.strategy_resolver - INFO - Strategy using max_entry_position_adjustment: -1
2023-05-21 18:54:16,083 - freqtrade.resolvers.strategy_resolver - INFO - Strategy using max_open_trades: 3
2023-05-21 18:54:16,083 - freqtrade.configuration.config_validation - INFO - Validating configuration ...
2023-05-21 18:54:16,086 - freqtrade.exchange.exchange - INFO - Instance is running with dry_run enabled
2023-05-21 18:54:16,087 - freqtrade.exchange.exchange - INFO - Using CCXT 3.0.75
2023-05-21 18:54:16,087 - freqtrade.exchange.exchange - INFO - Applying additional ccxt config: {'options': {'defaultType': 'swap'}}
2023-05-21 18:54:16,093 - freqtrade.exchange.exchange - INFO - Applying additional ccxt config: {'options': {'defaultType': 'swap'}}
2023-05-21 18:54:16,098 - freqtrade.exchange.exchange - INFO - Using Exchange "Binance"
2023-05-21 18:54:21,377 - freqtrade.resolvers.exchange_resolver - INFO - Using resolved exchange 'Binance'...
2023-05-21 18:54:21,500 - freqtrade.wallets - INFO - Wallets synced.
2023-05-21 18:54:21,504 - freqtrade.resolvers.iresolver - INFO - Using resolved pairlist VolumePairList from '/freqtrade/freqtrade/plugins/pairlist/VolumePairList.py'...
2023-05-21 18:54:21,623 - freqtrade.rpc.rpc_manager - INFO - Enabling rpc.api_server
2023-05-21 18:54:21,795 - freqtrade.rpc.api_server.webserver - INFO - Starting HTTP Server at 0.0.0.0:8080
2023-05-21 18:54:21,796 - freqtrade.rpc.api_server.webserver - WARNING - SECURITY WARNING - Local Rest Server listening to external connections
2023-05-21 18:54:21,796 - freqtrade.rpc.api_server.webserver - WARNING - SECURITY WARNING - This is insecure please set to your loopback,e.g 127.0.0.1 in config.json
2023-05-21 18:54:21,797 - freqtrade.rpc.api_server.webserver - INFO - Starting Local Rest Server.
2023-05-21 18:54:21,809 - uvicorn.error - INFO - Started server process [1]
2023-05-21 18:54:21,810 - uvicorn.error - INFO - Waiting for application startup.
2023-05-21 18:54:21,811 - uvicorn.error - INFO - Application startup complete.
2023-05-21 18:54:21,812 - uvicorn.error - INFO - Uvicorn running on http://0.0.0.0:8080 (Press CTRL+C to quit)
2023-05-21 18:54:21,815 - freqtrade.resolvers.iresolver - INFO - Using resolved pairlist VolumePairList from '/freqtrade/freqtrade/plugins/pairlist/VolumePairList.py'...
2023-05-21 18:54:22,619 - freqtrade.plugins.pairlistmanager - INFO - Whitelist with 0 pairs: []
2023-05-21 18:54:22,623 - freqtrade.strategy.hyper - INFO - No params for buy found, using default values.
2023-05-21 18:54:22,624 - freqtrade.strategy.hyper - INFO - Strategy Parameter(default): buy_rsi = 30
2023-05-21 18:54:22,625 - freqtrade.strategy.hyper - INFO - Strategy Parameter(default): exit_short_rsi = 30
2023-05-21 18:54:22,626 - freqtrade.strategy.hyper - INFO - No params for sell found, using default values.
2023-05-21 18:54:22,628 - freqtrade.strategy.hyper - INFO - Strategy Parameter(default): sell_rsi = 70
2023-05-21 18:54:22,629 - freqtrade.strategy.hyper - INFO - Strategy Parameter(default): short_rsi = 70
2023-05-21 18:54:22,630 - freqtrade.strategy.hyper - INFO - No params for protection found, using default values.
2023-05-21 18:54:22,631 - freqtrade.plugins.protectionmanager - INFO - No protection Handlers defined.
2023-05-21 18:54:22,632 - freqtrade.rpc.rpc_manager - INFO - Sending rpc message: {'type': status, 'status': 'running'}
2023-05-21 18:54:22,634 - freqtrade.worker - INFO - Changing state to: RUNNING
2023-05-21 18:54:22,635 - freqtrade.util.binance_mig - WARNING - Migrating binance futures pairs in database.
2023-05-21 18:54:22,639 - freqtrade.util.binance_mig - WARNING - Done migrating binance futures pairs in database.
2023-05-21 18:54:22,654 - freqtrade.rpc.rpc_manager - INFO - Sending rpc message: {'type': warning, 'status': 'Dry run is enabled. All trades are simulated.'}
2023-05-21 18:54:22,655 - freqtrade.rpc.rpc_manager - INFO - Sending rpc message: {'type': startup, 'status': "*Exchange:* `binance`\n*Stake per trade:* `unlimited USD`\n*Minimum ROI:* `{'60': 0.01, '30': 0.02, '0': 0.04}`\n*Stoploss:* `-0.1`\n*Position adjustment:* `Off`\n*Timeframe:* `5m`\n*Strategy:* `SampleStrategy`"}
2023-05-21 18:54:22,656 - freqtrade.rpc.rpc_manager - INFO - Sending rpc message: {'type': startup, 'status': "Searching for USD pairs to buy and sell based on [{'VolumePairList': 'VolumePairList - top 20 volume pairs.'}]"}
2023-05-21 18:54:22,667 - freqtrade.freqtradebot - INFO - Active pair whitelist is empty.
2023-05-21 18:54:27,666 - freqtrade.worker - INFO - Bot heartbeat. PID=1, version='2023.4', state='RUNNING'
2023-05-21 18:55:31,047 - freqtrade.worker - INFO - Bot heartbeat. PID=1, version='2023.4', state='RUNNING'
2023-05-21 18:55:59,607 - uvicorn.error - INFO - ('172.18.0.1', 42692) - "WebSocket /api/v1/message/ws?token=eyJhbGciOiJIUzI1NiIsInR5cCI6IkpXVCJ9.eyJpZGVudGl0eSI6eyJ1IjoiZnJlcXRyYWRlciJ9LCJleHAiOjE2ODQ2OTYyNTksImlhdCI6MTY4NDY5NTM1OSwidHlwZSI6ImFjY2VzcyJ9.xNdyImdLI1EVQs-5Sh10aNQA7LT-vBLh0NepvH7vHhI" [accepted]
2023-05-21 18:55:59,613 - freqtrade.rpc.api_server.ws.channel - INFO - Connected to channel - WebSocketChannel(2b378d9c, ('172.18.0.1', 42692))
2023-05-21 18:55:59,616 - uvicorn.error - INFO - connection open
2023-05-21 18:56:31,161 - freqtrade.worker - INFO - Bot heartbeat. PID=1, version='2023.4', state='RUNNING'
2023-05-21 18:57:31,255 - freqtrade.worker - INFO - Bot heartbeat. PID=1, version='2023.4', state='RUNNING'
2023-05-21 18:58:31,353 - freqtrade.worker - INFO - Bot heartbeat. PID=1, version='2023.4', state='RUNNING'
2023-05-21 18:59:26,500 - freqtrade.freqtradebot - INFO - Active pair whitelist is empty.
2023-05-21 18:59:31,477 - freqtrade.worker - INFO - Bot heartbeat. PID=1, version='2023.4', state='RUNNING'
2023-05-21 19:00:06,038 - freqtrade.wallets - INFO - Wallets synced.
2023-05-21 19:00:36,060 - freqtrade.worker - INFO - Bot heartbeat. PID=1, version='2023.4', state='RUNNING'
2023-05-21 19:01:36,162 - freqtrade.worker - INFO - Bot heartbeat. PID=1, version='2023.4', state='RUNNING'
2023-05-21 19:02:36,246 - freqtrade.worker - INFO - Bot heartbeat. PID=1, version='2023.4', state='RUNNING'
2023-05-21 19:03:36,344 - freqtrade.worker - INFO - Bot heartbeat. PID=1, version='2023.4', state='RUNNING'
2023-05-21 19:18:54,164 - freqtrade.worker - INFO - Bot heartbeat. PID=1, version='2023.4', state='RUNNING'
2023-05-21 19:18:54,201 - freqtrade.wallets - INFO - Wallets synced.
2023-05-21 19:35:16,004 - freqtrade.worker - INFO - Bot heartbeat. PID=1, version='2023.4', state='RUNNING'
2023-05-21 19:35:16,058 - freqtrade.wallets - INFO - Wallets synced.
2023-05-21 19:35:21,089 - freqtrade.freqtradebot - INFO - Active pair whitelist is empty.
2023-05-21 19:36:16,108 - freqtrade.worker - INFO - Bot heartbeat. PID=1, version='2023.4', state='RUNNING'
2023-05-21 19:37:16,235 - freqtrade.worker - INFO - Bot heartbeat. PID=1, version='2023.4', state='RUNNING'
2023-05-21 19:38:16,316 - freqtrade.worker - INFO - Bot heartbeat. PID=1, version='2023.4', state='RUNNING'
2023-05-21 19:39:16,416 - freqtrade.worker - INFO - Bot heartbeat. PID=1, version='2023.4', state='RUNNING'
2023-05-21 19:40:21,047 - freqtrade.worker - INFO - Bot heartbeat. PID=1, version='2023.4', state='RUNNING'
2023-05-21 19:40:21,085 - freqtrade.freqtradebot - INFO - Active pair whitelist is empty.
2023-05-21 19:41:21,160 - freqtrade.worker - INFO - Bot heartbeat. PID=1, version='2023.4', state='RUNNING'
2023-05-21 19:42:21,272 - freqtrade.worker - INFO - Bot heartbeat. PID=1, version='2023.4', state='RUNNING'
2023-05-21 19:43:21,385 - freqtrade.worker - INFO - Bot heartbeat. PID=1, version='2023.4', state='RUNNING'
2023-05-21 19:44:21,501 - freqtrade.worker - INFO - Bot heartbeat. PID=1, version='2023.4', state='RUNNING'
2023-05-21 19:45:06,041 - freqtrade.wallets - INFO - Wallets synced.
2023-05-21 19:45:26,034 - freqtrade.worker - INFO - Bot heartbeat. PID=1, version='2023.4', state='RUNNING'
2023-05-21 19:45:26,068 - freqtrade.freqtradebot - INFO - Active pair whitelist is empty.
2023-05-21 19:46:26,137 - freqtrade.worker - INFO - Bot heartbeat. PID=1, version='2023.4', state='RUNNING'
2023-05-21 19:47:26,233 - freqtrade.worker - INFO - Bot heartbeat. PID=1, version='2023.4', state='RUNNING'
2023-05-21 19:48:26,322 - freqtrade.worker - INFO - Bot heartbeat. PID=1, version='2023.4', state='RUNNING'
2023-05-21 19:49:26,435 - freqtrade.worker - INFO - Bot heartbeat. PID=1, version='2023.4', state='RUNNING'
2023-05-21 19:50:31,046 - freqtrade.worker - INFO - Bot heartbeat. PID=1, version='2023.4', state='RUNNING'
2023-05-21 19:50:31,074 - freqtrade.freqtradebot - INFO - Active pair whitelist is empty.
2023-05-21 19:51:31,134 - freqtrade.worker - INFO - Bot heartbeat. PID=1, version='2023.4', state='RUNNING'
2023-05-21 19:51:46,721 - uvicorn.error - INFO - connection closed
2023-05-21 19:51:46,725 - freqtrade.rpc.api_server.ws.channel - INFO - Disconnected from channel - WebSocketChannel(2b378d9c, ('172.18.0.1', 42692))
